# JRE version: OpenJDK Runtime Environment (8.0_212-b04) (build 1.8.0_212-release-1586-b04)
# Java VM: OpenJDK 64-Bit Server VM (25.212-b04 mixed mode windows-amd64 compressed oops)
Heap:
 PSYoungGen      total 117760K, used 68524K [0x00000000e0000000, 0x00000000e8100000, 0x0000000100000000)
  eden space 106496K, 56% used [0x00000000e0000000,0x00000000e3af59b8,0x00000000e6800000)
  from space 11264K, 72% used [0x00000000e7300000,0x00000000e7af5880,0x00000000e7e00000)
  to   space 11264K, 0% used [0x00000000e6800000,0x00000000e6800000,0x00000000e7300000)
 ParOldGen       total 60416K, used 9659K [0x00000000a0000000, 0x00000000a3b00000, 0x00000000e0000000)
  object space 60416K, 15% used [0x00000000a0000000,0x00000000a096ec00,0x00000000a3b00000)
 Metaspace       used 34449K, capacity 35166K, committed 35456K, reserved 1079296K
  class space    used 4715K, capacity 4918K, committed 4992K, reserved 1048576K
GC Heap History (10 events):
Event: 5.718 GC heap before
{Heap before GC invocations=5 (full 0):
 PSYoungGen      total 38400K, used 38392K [0x00000000e0000000, 0x00000000e2a80000, 0x0000000100000000)
  eden space 33280K, 100% used [0x00000000e0000000,0x00000000e2080000,0x00000000e2080000)
  from space 5120K, 99% used [0x00000000e2580000,0x00000000e2a7e010,0x00000000e2a80000)
  to   space 5120K, 0% used [0x00000000e2080000,0x00000000e2080000,0x00000000e2580000)
 ParOldGen       total 87552K, used 4276K [0x00000000a0000000, 0x00000000a5580000, 0x00000000e0000000)
  object space 87552K, 4% used [0x00000000a0000000,0x00000000a042d350,0x00000000a5580000)
 Metaspace       used 17788K, capacity 18160K, committed 18432K, reserved 1064960K
  class space    used 2549K, capacity 2692K, committed 2816K, reserved 1048576K
Event: 5.737 GC heap after
Heap after GC invocations=5 (full 0):
 PSYoungGen      total 38400K, used 5096K [0x00000000e0000000, 0x00000000e5600000, 0x0000000100000000)
  eden space 33280K, 0% used [0x00000000e0000000,0x00000000e0000000,0x00000000e2080000)
  from space 5120K, 99% used [0x00000000e2080000,0x00000000e257a040,0x00000000e2580000)
  to   space 10752K, 0% used [0x00000000e4b80000,0x00000000e4b80000,0x00000000e5600000)
 ParOldGen       total 87552K, used 8052K [0x00000000a0000000, 0x00000000a5580000, 0x00000000e0000000)
  object space 87552K, 9% used [0x00000000a0000000,0x00000000a07dd038,0x00000000a5580000)
 Metaspace       used 17788K, capacity 18160K, committed 18432K, reserved 1064960K
  class space    used 2549K, capacity 2692K, committed 2816K, reserved 1048576K
}
Event: 6.432 GC heap before
{Heap before GC invocations=6 (full 0):
 PSYoungGen      total 38400K, used 32532K [0x00000000e0000000, 0x00000000e5600000, 0x0000000100000000)
  eden space 33280K, 82% used [0x00000000e0000000,0x00000000e1acb2f0,0x00000000e2080000)
  from space 5120K, 99% used [0x00000000e2080000,0x00000000e257a040,0x00000000e2580000)
  to   space 10752K, 0% used [0x00000000e4b80000,0x00000000e4b80000,0x00000000e5600000)
 ParOldGen       total 87552K, used 8052K [0x00000000a0000000, 0x00000000a5580000, 0x00000000e0000000)
  object space 87552K, 9% used [0x00000000a0000000,0x00000000a07dd038,0x00000000a5580000)
 Metaspace       used 20719K, capacity 21202K, committed 21296K, reserved 1067008K
  class space    used 2986K, capacity 3161K, committed 3200K, reserved 1048576K
Event: 6.444 GC heap after
Heap after GC invocations=6 (full 0):
 PSYoungGen      total 76800K, used 8674K [0x00000000e0000000, 0x00000000e5700000, 0x0000000100000000)
  eden space 66048K, 0% used [0x00000000e0000000,0x00000000e0000000,0x00000000e4080000)
  from space 10752K, 80% used [0x00000000e4b80000,0x00000000e53f89e0,0x00000000e5600000)
  to   space 11264K, 0% used [0x00000000e4080000,0x00000000e4080000,0x00000000e4b80000)
 ParOldGen       total 87552K, used 8060K [0x00000000a0000000, 0x00000000a5580000, 0x00000000e0000000)
  object space 87552K, 9% used [0x00000000a0000000,0x00000000a07df038,0x00000000a5580000)
 Metaspace       used 20719K, capacity 21202K, committed 21296K, reserved 1067008K
  class space    used 2986K, capacity 3161K, committed 3200K, reserved 1048576K
}
Event: 6.444 GC heap before
{Heap before GC invocations=7 (full 1):
 PSYoungGen      total 76800K, used 8674K [0x00000000e0000000, 0x00000000e5700000, 0x0000000100000000)
  eden space 66048K, 0% used [0x00000000e0000000,0x00000000e0000000,0x00000000e4080000)
  from space 10752K, 80% used [0x00000000e4b80000,0x00000000e53f89e0,0x00000000e5600000)
  to   space 11264K, 0% used [0x00000000e4080000,0x00000000e4080000,0x00000000e4b80000)
 ParOldGen       total 87552K, used 8060K [0x00000000a0000000, 0x00000000a5580000, 0x00000000e0000000)
  object space 87552K, 9% used [0x00000000a0000000,0x00000000a07df038,0x00000000a5580000)
 Metaspace       used 20719K, capacity 21202K, committed 21296K, reserved 1067008K
  class space    used 2986K, capacity 3161K, committed 3200K, reserved 1048576K
Event: 6.495 GC heap after
Heap after GC invocations=7 (full 1):
 PSYoungGen      total 76800K, used 0K [0x00000000e0000000, 0x00000000e5700000, 0x0000000100000000)
  eden space 66048K, 0% used [0x00000000e0000000,0x00000000e0000000,0x00000000e4080000)
  from space 10752K, 0% used [0x00000000e4b80000,0x00000000e4b80000,0x00000000e5600000)
  to   space 11264K, 0% used [0x00000000e4080000,0x00000000e4080000,0x00000000e4b80000)
 ParOldGen       total 60416K, used 9643K [0x00000000a0000000, 0x00000000a3b00000, 0x00000000e0000000)
  object space 60416K, 15% used [0x00000000a0000000,0x00000000a096ac00,0x00000000a3b00000)
 Metaspace       used 20719K, capacity 21202K, committed 21296K, reserved 1067008K
  class space    used 2986K, capacity 3161K, committed 3200K, reserved 1048576K
}
Event: 7.637 GC heap before
{Heap before GC invocations=8 (full 1):
 PSYoungGen      total 76800K, used 66048K [0x00000000e0000000, 0x00000000e5700000, 0x0000000100000000)
  eden space 66048K, 100% used [0x00000000e0000000,0x00000000e4080000,0x00000000e4080000)
  from space 10752K, 0% used [0x00000000e4b80000,0x00000000e4b80000,0x00000000e5600000)
  to   space 11264K, 0% used [0x00000000e4080000,0x00000000e4080000,0x00000000e4b80000)
 ParOldGen       total 60416K, used 9643K [0x00000000a0000000, 0x00000000a3b00000, 0x00000000e0000000)
  object space 60416K, 15% used [0x00000000a0000000,0x00000000a096ac00,0x00000000a3b00000)
 Metaspace       used 29089K, capacity 29654K, committed 30080K, reserved 1075200K
  class space    used 3917K, capacity 4097K, committed 4224K, reserved 1048576K
Event: 7.650 GC heap after
Heap after GC invocations=8 (full 1):
 PSYoungGen      total 77312K, used 7996K [0x00000000e0000000, 0x00000000e7e00000, 0x0000000100000000)
  eden space 66048K, 0% used [0x00000000e0000000,0x00000000e0000000,0x00000000e4080000)
  from space 11264K, 70% used [0x00000000e4080000,0x00000000e484f128,0x00000000e4b80000)
  to   space 11264K, 0% used [0x00000000e7300000,0x00000000e7300000,0x00000000e7e00000)
 ParOldGen       total 60416K, used 9651K [0x00000000a0000000, 0x00000000a3b00000, 0x00000000e0000000)
  object space 60416K, 15% used [0x00000000a0000000,0x00000000a096cc00,0x00000000a3b00000)
 Metaspace       used 29089K, capacity 29654K, committed 30080K, reserved 1075200K
  class space    used 3917K, capacity 4097K, committed 4224K, reserved 1048576K
}
Event: 8.434 GC heap before
{Heap before GC invocations=9 (full 1):
 PSYoungGen      total 77312K, used 74044K [0x00000000e0000000, 0x00000000e7e00000, 0x0000000100000000)
  eden space 66048K, 100% used [0x00000000e0000000,0x00000000e4080000,0x00000000e4080000)
  from space 11264K, 70% used [0x00000000e4080000,0x00000000e484f128,0x00000000e4b80000)
  to   space 11264K, 0% used [0x00000000e7300000,0x00000000e7300000,0x00000000e7e00000)
 ParOldGen       total 60416K, used 9651K [0x00000000a0000000, 0x00000000a3b00000, 0x00000000e0000000)
  object space 60416K, 15% used [0x00000000a0000000,0x00000000a096cc00,0x00000000a3b00000)
 Metaspace       used 31956K, capacity 32468K, committed 32768K, reserved 1077248K
  class space    used 4384K, capacity 4587K, committed 4608K, reserved 1048576K
Event: 8.454 GC heap after
Heap after GC invocations=9 (full 1):
 PSYoungGen      total 117760K, used 8150K [0x00000000e0000000, 0x00000000e8100000, 0x0000000100000000)
  eden space 106496K, 0% used [0x00000000e0000000,0x00000000e0000000,0x00000000e6800000)
  from space 11264K, 72% used [0x00000000e7300000,0x00000000e7af5880,0x00000000e7e00000)
  to   space 11264K, 0% used [0x00000000e6800000,0x00000000e6800000,0x00000000e7300000)
 ParOldGen       total 60416K, used 9659K [0x00000000a0000000, 0x00000000a3b00000, 0x00000000e0000000)
  object space 60416K, 15% used [0x00000000a0000000,0x00000000a096ec00,0x00000000a3b00000)
 Metaspace       used 31956K, capacity 32468K, committed 32768K, reserved 1077248K
  class space    used 4384K, capacity 4587K, committed 4608K, reserved 1048576K
}

