# JRE version: OpenJDK Runtime Environment (8.0_212-b04) (build 1.8.0_212-release-1586-b04)
# Java VM: OpenJDK 64-Bit Server VM (25.212-b04 mixed mode windows-amd64 compressed oops)
Heap:
 PSYoungGen      total 124928K, used 21036K [0x00000000e0000000, 0x00000000e8c00000, 0x0000000100000000)
  eden space 109568K, 8% used [0x00000000e0000000,0x00000000e08b3748,0x00000000e6b00000)
  from space 15360K, 78% used [0x00000000e7d00000,0x00000000e88d7978,0x00000000e8c00000)
  to   space 16896K, 0% used [0x00000000e6b00000,0x00000000e6b00000,0x00000000e7b80000)
 ParOldGen       total 101376K, used 52203K [0x00000000a0000000, 0x00000000a6300000, 0x00000000e0000000)
  object space 101376K, 51% used [0x00000000a0000000,0x00000000a32faef8,0x00000000a6300000)
 Metaspace       used 71890K, capacity 74412K, committed 74584K, reserved 1114112K
  class space    used 9481K, capacity 10039K, committed 10112K, reserved 1048576K
GC Heap History (10 events):
Event: 47.134 GC heap before
{Heap before GC invocations=21 (full 3):
 PSYoungGen      total 101888K, used 3473K [0x00000000e0000000, 0x00000000e7100000, 0x0000000100000000)
  eden space 91136K, 0% used [0x00000000e0000000,0x00000000e0000000,0x00000000e5900000)
  from space 10752K, 32% used [0x00000000e6380000,0x00000000e66e4450,0x00000000e6e00000)
  to   space 10752K, 0% used [0x00000000e5900000,0x00000000e5900000,0x00000000e6380000)
 ParOldGen       total 66048K, used 28310K [0x00000000a0000000, 0x00000000a4080000, 0x00000000e0000000)
  object space 66048K, 42% used [0x00000000a0000000,0x00000000a1ba5a98,0x00000000a4080000)
 Metaspace       used 57167K, capacity 58978K, committed 59096K, reserved 1099776K
  class space    used 7886K, capacity 8358K, committed 8448K, reserved 1048576K
Event: 47.552 GC heap after
Heap after GC invocations=21 (full 3):
 PSYoungGen      total 101888K, used 0K [0x00000000e0000000, 0x00000000e7100000, 0x0000000100000000)
  eden space 91136K, 0% used [0x00000000e0000000,0x00000000e0000000,0x00000000e5900000)
  from space 10752K, 0% used [0x00000000e6380000,0x00000000e6380000,0x00000000e6e00000)
  to   space 10752K, 0% used [0x00000000e5900000,0x00000000e5900000,0x00000000e6380000)
 ParOldGen       total 101376K, used 30760K [0x00000000a0000000, 0x00000000a6300000, 0x00000000e0000000)
  object space 101376K, 30% used [0x00000000a0000000,0x00000000a1e0a040,0x00000000a6300000)
 Metaspace       used 57167K, capacity 58978K, committed 59096K, reserved 1099776K
  class space    used 7886K, capacity 8358K, committed 8448K, reserved 1048576K
}
Event: 52.496 GC heap before
{Heap before GC invocations=22 (full 3):
 PSYoungGen      total 101888K, used 91136K [0x00000000e0000000, 0x00000000e7100000, 0x0000000100000000)
  eden space 91136K, 100% used [0x00000000e0000000,0x00000000e5900000,0x00000000e5900000)
  from space 10752K, 0% used [0x00000000e6380000,0x00000000e6380000,0x00000000e6e00000)
  to   space 10752K, 0% used [0x00000000e5900000,0x00000000e5900000,0x00000000e6380000)
 ParOldGen       total 101376K, used 30760K [0x00000000a0000000, 0x00000000a6300000, 0x00000000e0000000)
  object space 101376K, 30% used [0x00000000a0000000,0x00000000a1e0a040,0x00000000a6300000)
 Metaspace       used 61392K, capacity 63556K, committed 63704K, reserved 1103872K
  class space    used 8421K, capacity 8927K, committed 8960K, reserved 1048576K
Event: 52.510 GC heap after
Heap after GC invocations=22 (full 3):
 PSYoungGen      total 101888K, used 9756K [0x00000000e0000000, 0x00000000e7c80000, 0x0000000100000000)
  eden space 91136K, 0% used [0x00000000e0000000,0x00000000e0000000,0x00000000e5900000)
  from space 10752K, 90% used [0x00000000e5900000,0x00000000e6287280,0x00000000e6380000)
  to   space 11776K, 0% used [0x00000000e7100000,0x00000000e7100000,0x00000000e7c80000)
 ParOldGen       total 101376K, used 30768K [0x00000000a0000000, 0x00000000a6300000, 0x00000000e0000000)
  object space 101376K, 30% used [0x00000000a0000000,0x00000000a1e0c040,0x00000000a6300000)
 Metaspace       used 61392K, capacity 63556K, committed 63704K, reserved 1103872K
  class space    used 8421K, capacity 8927K, committed 8960K, reserved 1048576K
}
Event: 56.026 GC heap before
{Heap before GC invocations=23 (full 3):
 PSYoungGen      total 101888K, used 100892K [0x00000000e0000000, 0x00000000e7c80000, 0x0000000100000000)
  eden space 91136K, 100% used [0x00000000e0000000,0x00000000e5900000,0x00000000e5900000)
  from space 10752K, 90% used [0x00000000e5900000,0x00000000e6287280,0x00000000e6380000)
  to   space 11776K, 0% used [0x00000000e7100000,0x00000000e7100000,0x00000000e7c80000)
 ParOldGen       total 101376K, used 30768K [0x00000000a0000000, 0x00000000a6300000, 0x00000000e0000000)
  object space 101376K, 30% used [0x00000000a0000000,0x00000000a1e0c040,0x00000000a6300000)
 Metaspace       used 63434K, capacity 65712K, committed 65880K, reserved 1105920K
  class space    used 8681K, capacity 9217K, committed 9344K, reserved 1048576K
Event: 56.068 GC heap after
Heap after GC invocations=23 (full 3):
 PSYoungGen      total 110592K, used 11760K [0x00000000e0000000, 0x00000000e8780000, 0x0000000100000000)
  eden space 98816K, 0% used [0x00000000e0000000,0x00000000e0000000,0x00000000e6080000)
  from space 11776K, 99% used [0x00000000e7100000,0x00000000e7c7c2a0,0x00000000e7c80000)
  to   space 16896K, 0% used [0x00000000e6080000,0x00000000e6080000,0x00000000e7100000)
 ParOldGen       total 101376K, used 41732K [0x00000000a0000000, 0x00000000a6300000, 0x00000000e0000000)
  object space 101376K, 41% used [0x00000000a0000000,0x00000000a28c10e8,0x00000000a6300000)
 Metaspace       used 63434K, capacity 65712K, committed 65880K, reserved 1105920K
  class space    used 8681K, capacity 9217K, committed 9344K, reserved 1048576K
}
Event: 83.755 GC heap before
{Heap before GC invocations=24 (full 3):
 PSYoungGen      total 110592K, used 110576K [0x00000000e0000000, 0x00000000e8780000, 0x0000000100000000)
  eden space 98816K, 100% used [0x00000000e0000000,0x00000000e6080000,0x00000000e6080000)
  from space 11776K, 99% used [0x00000000e7100000,0x00000000e7c7c2a0,0x00000000e7c80000)
  to   space 16896K, 0% used [0x00000000e6080000,0x00000000e6080000,0x00000000e7100000)
 ParOldGen       total 101376K, used 41732K [0x00000000a0000000, 0x00000000a6300000, 0x00000000e0000000)
  object space 101376K, 41% used [0x00000000a0000000,0x00000000a28c10e8,0x00000000a6300000)
 Metaspace       used 68205K, capacity 70560K, committed 70744K, reserved 1110016K
  class space    used 9256K, capacity 9783K, committed 9856K, reserved 1048576K
Event: 83.775 GC heap after
Heap after GC invocations=24 (full 3):
 PSYoungGen      total 115712K, used 8192K [0x00000000e0000000, 0x00000000e8d00000, 0x0000000100000000)
  eden space 98816K, 0% used [0x00000000e0000000,0x00000000e0000000,0x00000000e6080000)
  from space 16896K, 48% used [0x00000000e6080000,0x00000000e68800d8,0x00000000e7100000)
  to   space 16384K, 0% used [0x00000000e7d00000,0x00000000e7d00000,0x00000000e8d00000)
 ParOldGen       total 101376K, used 52195K [0x00000000a0000000, 0x00000000a6300000, 0x00000000e0000000)
  object space 101376K, 51% used [0x00000000a0000000,0x00000000a32f8ef8,0x00000000a6300000)
 Metaspace       used 68205K, capacity 70560K, committed 70744K, reserved 1110016K
  class space    used 9256K, capacity 9783K, committed 9856K, reserved 1048576K
}
Event: 98.493 GC heap before
{Heap before GC invocations=25 (full 3):
 PSYoungGen      total 115712K, used 107008K [0x00000000e0000000, 0x00000000e8d00000, 0x0000000100000000)
  eden space 98816K, 100% used [0x00000000e0000000,0x00000000e6080000,0x00000000e6080000)
  from space 16896K, 48% used [0x00000000e6080000,0x00000000e68800d8,0x00000000e7100000)
  to   space 16384K, 0% used [0x00000000e7d00000,0x00000000e7d00000,0x00000000e8d00000)
 ParOldGen       total 101376K, used 52195K [0x00000000a0000000, 0x00000000a6300000, 0x00000000e0000000)
  object space 101376K, 51% used [0x00000000a0000000,0x00000000a32f8ef8,0x00000000a6300000)
 Metaspace       used 71793K, capacity 74382K, committed 74584K, reserved 1114112K
  class space    used 9476K, capacity 10034K, committed 10112K, reserved 1048576K
Event: 98.510 GC heap after
Heap after GC invocations=25 (full 3):
 PSYoungGen      total 124928K, used 12126K [0x00000000e0000000, 0x00000000e8c00000, 0x0000000100000000)
  eden space 109568K, 0% used [0x00000000e0000000,0x00000000e0000000,0x00000000e6b00000)
  from space 15360K, 78% used [0x00000000e7d00000,0x00000000e88d7978,0x00000000e8c00000)
  to   space 16896K, 0% used [0x00000000e6b00000,0x00000000e6b00000,0x00000000e7b80000)
 ParOldGen       total 101376K, used 52203K [0x00000000a0000000, 0x00000000a6300000, 0x00000000e0000000)
  object space 101376K, 51% used [0x00000000a0000000,0x00000000a32faef8,0x00000000a6300000)
 Metaspace       used 71793K, capacity 74382K, committed 74584K, reserved 1114112K
  class space    used 9476K, capacity 10034K, committed 10112K, reserved 1048576K
}

