# JRE version: OpenJDK Runtime Environment (8.0_212-b04) (build 1.8.0_212-release-1586-b04)
# Java VM: OpenJDK 64-Bit Server VM (25.212-b04 mixed mode windows-amd64 compressed oops)
Heap:
 PSYoungGen      total 77312K, used 64083K [0x00000000e0000000, 0x00000000e6c00000, 0x0000000100000000)
  eden space 67072K, 95% used [0x00000000e0000000,0x00000000e3e94e38,0x00000000e4180000)
  from space 10240K, 0% used [0x00000000e4180000,0x00000000e4180000,0x00000000e4b80000)
  to   space 10240K, 0% used [0x00000000e6200000,0x00000000e6200000,0x00000000e6c00000)
 ParOldGen       total 95232K, used 15776K [0x00000000a0000000, 0x00000000a5d00000, 0x00000000e0000000)
  object space 95232K, 16% used [0x00000000a0000000,0x00000000a0f681a8,0x00000000a5d00000)
 Metaspace       used 42727K, capacity 43810K, committed 44032K, reserved 1089536K
  class space    used 5764K, capacity 6049K, committed 6144K, reserved 1048576K
GC Heap History (10 events):
Event: 9.990 GC heap before
{Heap before GC invocations=9 (full 1):
 PSYoungGen      total 43520K, used 37140K [0x00000000e0000000, 0x00000000e4600000, 0x0000000100000000)
  eden space 32256K, 100% used [0x00000000e0000000,0x00000000e1f80000,0x00000000e1f80000)
  from space 11264K, 43% used [0x00000000e1f80000,0x00000000e2445058,0x00000000e2a80000)
  to   space 11264K, 0% used [0x00000000e3b00000,0x00000000e3b00000,0x00000000e4600000)
 ParOldGen       total 62464K, used 9654K [0x00000000a0000000, 0x00000000a3d00000, 0x00000000e0000000)
  object space 62464K, 15% used [0x00000000a0000000,0x00000000a096dbb8,0x00000000a3d00000)
 Metaspace       used 29044K, capacity 29584K, committed 29696K, reserved 1075200K
  class space    used 3908K, capacity 4095K, committed 4096K, reserved 1048576K
Event: 10.003 GC heap after
Heap after GC invocations=9 (full 1):
 PSYoungGen      total 60928K, used 5759K [0x00000000e0000000, 0x00000000e4600000, 0x0000000100000000)
  eden space 49664K, 0% used [0x00000000e0000000,0x00000000e0000000,0x00000000e3080000)
  from space 11264K, 51% used [0x00000000e3b00000,0x00000000e409feb0,0x00000000e4600000)
  to   space 10752K, 0% used [0x00000000e3080000,0x00000000e3080000,0x00000000e3b00000)
 ParOldGen       total 62464K, used 9662K [0x00000000a0000000, 0x00000000a3d00000, 0x00000000e0000000)
  object space 62464K, 15% used [0x00000000a0000000,0x00000000a096fbb8,0x00000000a3d00000)
 Metaspace       used 29044K, capacity 29584K, committed 29696K, reserved 1075200K
  class space    used 3908K, capacity 4095K, committed 4096K, reserved 1048576K
}
Event: 11.613 GC heap before
{Heap before GC invocations=10 (full 1):
 PSYoungGen      total 60928K, used 55423K [0x00000000e0000000, 0x00000000e4600000, 0x0000000100000000)
  eden space 49664K, 100% used [0x00000000e0000000,0x00000000e3080000,0x00000000e3080000)
  from space 11264K, 51% used [0x00000000e3b00000,0x00000000e409feb0,0x00000000e4600000)
  to   space 10752K, 0% used [0x00000000e3080000,0x00000000e3080000,0x00000000e3b00000)
 ParOldGen       total 62464K, used 9662K [0x00000000a0000000, 0x00000000a3d00000, 0x00000000e0000000)
  object space 62464K, 15% used [0x00000000a0000000,0x00000000a096fbb8,0x00000000a3d00000)
 Metaspace       used 31190K, capacity 31764K, committed 31872K, reserved 1077248K
  class space    used 4258K, capacity 4459K, committed 4480K, reserved 1048576K
Event: 11.633 GC heap after
Heap after GC invocations=10 (full 1):
 PSYoungGen      total 60416K, used 7042K [0x00000000e0000000, 0x00000000e5600000, 0x0000000100000000)
  eden space 49664K, 0% used [0x00000000e0000000,0x00000000e0000000,0x00000000e3080000)
  from space 10752K, 65% used [0x00000000e3080000,0x00000000e3760a70,0x00000000e3b00000)
  to   space 10752K, 0% used [0x00000000e4b80000,0x00000000e4b80000,0x00000000e5600000)
 ParOldGen       total 62464K, used 9670K [0x00000000a0000000, 0x00000000a3d00000, 0x00000000e0000000)
  object space 62464K, 15% used [0x00000000a0000000,0x00000000a0971bb8,0x00000000a3d00000)
 Metaspace       used 31190K, capacity 31764K, committed 31872K, reserved 1077248K
  class space    used 4258K, capacity 4459K, committed 4480K, reserved 1048576K
}
Event: 12.556 GC heap before
{Heap before GC invocations=11 (full 1):
 PSYoungGen      total 60416K, used 56706K [0x00000000e0000000, 0x00000000e5600000, 0x0000000100000000)
  eden space 49664K, 100% used [0x00000000e0000000,0x00000000e3080000,0x00000000e3080000)
  from space 10752K, 65% used [0x00000000e3080000,0x00000000e3760a70,0x00000000e3b00000)
  to   space 10752K, 0% used [0x00000000e4b80000,0x00000000e4b80000,0x00000000e5600000)
 ParOldGen       total 62464K, used 9670K [0x00000000a0000000, 0x00000000a3d00000, 0x00000000e0000000)
  object space 62464K, 15% used [0x00000000a0000000,0x00000000a0971bb8,0x00000000a3d00000)
 Metaspace       used 33569K, capacity 34142K, committed 34304K, reserved 1079296K
  class space    used 4597K, capacity 4810K, committed 4864K, reserved 1048576K
Event: 12.569 GC heap after
Heap after GC invocations=11 (full 1):
 PSYoungGen      total 77312K, used 5933K [0x00000000e0000000, 0x00000000e5580000, 0x0000000100000000)
  eden space 67072K, 0% used [0x00000000e0000000,0x00000000e0000000,0x00000000e4180000)
  from space 10240K, 57% used [0x00000000e4b80000,0x00000000e514b7e8,0x00000000e5580000)
  to   space 10240K, 0% used [0x00000000e4180000,0x00000000e4180000,0x00000000e4b80000)
 ParOldGen       total 62464K, used 12402K [0x00000000a0000000, 0x00000000a3d00000, 0x00000000e0000000)
  object space 62464K, 19% used [0x00000000a0000000,0x00000000a0c1cbe8,0x00000000a3d00000)
 Metaspace       used 33569K, capacity 34142K, committed 34304K, reserved 1079296K
  class space    used 4597K, capacity 4810K, committed 4864K, reserved 1048576K
}
Event: 13.463 GC heap before
{Heap before GC invocations=12 (full 1):
 PSYoungGen      total 77312K, used 34718K [0x00000000e0000000, 0x00000000e5580000, 0x0000000100000000)
  eden space 67072K, 42% used [0x00000000e0000000,0x00000000e1c1c1b8,0x00000000e4180000)
  from space 10240K, 57% used [0x00000000e4b80000,0x00000000e514b7e8,0x00000000e5580000)
  to   space 10240K, 0% used [0x00000000e4180000,0x00000000e4180000,0x00000000e4b80000)
 ParOldGen       total 62464K, used 12402K [0x00000000a0000000, 0x00000000a3d00000, 0x00000000e0000000)
  object space 62464K, 19% used [0x00000000a0000000,0x00000000a0c1cbe8,0x00000000a3d00000)
 Metaspace       used 34619K, capacity 35362K, committed 35456K, reserved 1079296K
  class space    used 4750K, capacity 4958K, committed 4992K, reserved 1048576K
Event: 13.474 GC heap after
Heap after GC invocations=12 (full 1):
 PSYoungGen      total 77312K, used 3760K [0x00000000e0000000, 0x00000000e6c00000, 0x0000000100000000)
  eden space 67072K, 0% used [0x00000000e0000000,0x00000000e0000000,0x00000000e4180000)
  from space 10240K, 36% used [0x00000000e4180000,0x00000000e452c010,0x00000000e4b80000)
  to   space 10240K, 0% used [0x00000000e6200000,0x00000000e6200000,0x00000000e6c00000)
 ParOldGen       total 62464K, used 14564K [0x00000000a0000000, 0x00000000a3d00000, 0x00000000e0000000)
  object space 62464K, 23% used [0x00000000a0000000,0x00000000a0e39338,0x00000000a3d00000)
 Metaspace       used 34619K, capacity 35362K, committed 35456K, reserved 1079296K
  class space    used 4750K, capacity 4958K, committed 4992K, reserved 1048576K
}
Event: 13.475 GC heap before
{Heap before GC invocations=13 (full 2):
 PSYoungGen      total 77312K, used 3760K [0x00000000e0000000, 0x00000000e6c00000, 0x0000000100000000)
  eden space 67072K, 0% used [0x00000000e0000000,0x00000000e0000000,0x00000000e4180000)
  from space 10240K, 36% used [0x00000000e4180000,0x00000000e452c010,0x00000000e4b80000)
  to   space 10240K, 0% used [0x00000000e6200000,0x00000000e6200000,0x00000000e6c00000)
 ParOldGen       total 62464K, used 14564K [0x00000000a0000000, 0x00000000a3d00000, 0x00000000e0000000)
  object space 62464K, 23% used [0x00000000a0000000,0x00000000a0e39338,0x00000000a3d00000)
 Metaspace       used 34619K, capacity 35362K, committed 35456K, reserved 1079296K
  class space    used 4750K, capacity 4958K, committed 4992K, reserved 1048576K
Event: 13.582 GC heap after
Heap after GC invocations=13 (full 2):
 PSYoungGen      total 77312K, used 0K [0x00000000e0000000, 0x00000000e6c00000, 0x0000000100000000)
  eden space 67072K, 0% used [0x00000000e0000000,0x00000000e0000000,0x00000000e4180000)
  from space 10240K, 0% used [0x00000000e4180000,0x00000000e4180000,0x00000000e4b80000)
  to   space 10240K, 0% used [0x00000000e6200000,0x00000000e6200000,0x00000000e6c00000)
 ParOldGen       total 95232K, used 15776K [0x00000000a0000000, 0x00000000a5d00000, 0x00000000e0000000)
  object space 95232K, 16% used [0x00000000a0000000,0x00000000a0f681a8,0x00000000a5d00000)
 Metaspace       used 34612K, capacity 35338K, committed 35456K, reserved 1079296K
  class space    used 4748K, capacity 4954K, committed 4992K, reserved 1048576K
}

