# JRE version: OpenJDK Runtime Environment (8.0_212-b04) (build 1.8.0_212-release-1586-b04)
# Java VM: OpenJDK 64-Bit Server VM (25.212-b04 mixed mode windows-amd64 compressed oops)
Heap:
 PSYoungGen      total 280576K, used 104015K [0x00000000e0000000, 0x00000000f3e00000, 0x0000000100000000)
  eden space 250880K, 29% used [0x00000000e0000000,0x00000000e4895d70,0x00000000ef500000)
  from space 29696K, 99% used [0x00000000ef500000,0x00000000f11fe0a0,0x00000000f1200000)
  to   space 34304K, 0% used [0x00000000f1c80000,0x00000000f1c80000,0x00000000f3e00000)
 ParOldGen       total 198144K, used 55319K [0x00000000a0000000, 0x00000000ac180000, 0x00000000e0000000)
  object space 198144K, 27% used [0x00000000a0000000,0x00000000a3605c10,0x00000000ac180000)
 Metaspace       used 114490K, capacity 120180K, committed 120256K, reserved 1153024K
  class space    used 14641K, capacity 15780K, committed 15832K, reserved 1048576K
GC Heap History (10 events):
Event: 274.840 GC heap before
{Heap before GC invocations=21 (full 4):
 PSYoungGen      total 252416K, used 231936K [0x00000000e0000000, 0x00000000f1580000, 0x0000000100000000)
  eden space 231936K, 100% used [0x00000000e0000000,0x00000000ee280000,0x00000000ee280000)
  from space 20480K, 0% used [0x00000000f0180000,0x00000000f0180000,0x00000000f1580000)
  to   space 26112K, 0% used [0x00000000ee280000,0x00000000ee280000,0x00000000efc00000)
 ParOldGen       total 198144K, used 54758K [0x00000000a0000000, 0x00000000ac180000, 0x00000000e0000000)
  object space 198144K, 27% used [0x00000000a0000000,0x00000000a35799a8,0x00000000ac180000)
 Metaspace       used 101356K, capacity 105116K, committed 105664K, reserved 1140736K
  class space    used 13101K, capacity 13883K, committed 14040K, reserved 1048576K
Event: 274.873 GC heap after
Heap after GC invocations=21 (full 4):
 PSYoungGen      total 258048K, used 17381K [0x00000000e0000000, 0x00000000f2380000, 0x0000000100000000)
  eden space 231936K, 0% used [0x00000000e0000000,0x00000000e0000000,0x00000000ee280000)
  from space 26112K, 66% used [0x00000000ee280000,0x00000000ef3796b0,0x00000000efc00000)
  to   space 26112K, 0% used [0x00000000f0a00000,0x00000000f0a00000,0x00000000f2380000)
 ParOldGen       total 198144K, used 54766K [0x00000000a0000000, 0x00000000ac180000, 0x00000000e0000000)
  object space 198144K, 27% used [0x00000000a0000000,0x00000000a357b9a8,0x00000000ac180000)
 Metaspace       used 101356K, capacity 105116K, committed 105664K, reserved 1140736K
  class space    used 13101K, capacity 13883K, committed 14040K, reserved 1048576K
}
Event: 600.112 GC heap before
{Heap before GC invocations=22 (full 4):
 PSYoungGen      total 258048K, used 249317K [0x00000000e0000000, 0x00000000f2380000, 0x0000000100000000)
  eden space 231936K, 100% used [0x00000000e0000000,0x00000000ee280000,0x00000000ee280000)
  from space 26112K, 66% used [0x00000000ee280000,0x00000000ef3796b0,0x00000000efc00000)
  to   space 26112K, 0% used [0x00000000f0a00000,0x00000000f0a00000,0x00000000f2380000)
 ParOldGen       total 198144K, used 54766K [0x00000000a0000000, 0x00000000ac180000, 0x00000000e0000000)
  object space 198144K, 27% used [0x00000000a0000000,0x00000000a357b9a8,0x00000000ac180000)
 Metaspace       used 105890K, capacity 110144K, committed 110272K, reserved 1144832K
  class space    used 13593K, capacity 14458K, committed 14552K, reserved 1048576K
Event: 600.132 GC heap after
Heap after GC invocations=22 (full 4):
 PSYoungGen      total 265216K, used 10713K [0x00000000e0000000, 0x00000000f1f80000, 0x0000000100000000)
  eden space 243200K, 0% used [0x00000000e0000000,0x00000000e0000000,0x00000000eed80000)
  from space 22016K, 48% used [0x00000000f0a00000,0x00000000f1476758,0x00000000f1f80000)
  to   space 25600K, 0% used [0x00000000eed80000,0x00000000eed80000,0x00000000f0680000)
 ParOldGen       total 198144K, used 54774K [0x00000000a0000000, 0x00000000ac180000, 0x00000000e0000000)
  object space 198144K, 27% used [0x00000000a0000000,0x00000000a357d9a8,0x00000000ac180000)
 Metaspace       used 105890K, capacity 110144K, committed 110272K, reserved 1144832K
  class space    used 13593K, capacity 14458K, committed 14552K, reserved 1048576K
}
Event: 646.031 GC heap before
{Heap before GC invocations=23 (full 4):
 PSYoungGen      total 265216K, used 253913K [0x00000000e0000000, 0x00000000f1f80000, 0x0000000100000000)
  eden space 243200K, 100% used [0x00000000e0000000,0x00000000eed80000,0x00000000eed80000)
  from space 22016K, 48% used [0x00000000f0a00000,0x00000000f1476758,0x00000000f1f80000)
  to   space 25600K, 0% used [0x00000000eed80000,0x00000000eed80000,0x00000000f0680000)
 ParOldGen       total 198144K, used 54774K [0x00000000a0000000, 0x00000000ac180000, 0x00000000e0000000)
  object space 198144K, 27% used [0x00000000a0000000,0x00000000a357d9a8,0x00000000ac180000)
 Metaspace       used 111096K, capacity 116306K, committed 116544K, reserved 1150976K
  class space    used 14311K, capacity 15328K, committed 15448K, reserved 1048576K
Event: 646.063 GC heap after
Heap after GC invocations=23 (full 4):
 PSYoungGen      total 268800K, used 25222K [0x00000000e0000000, 0x00000000f2f00000, 0x0000000100000000)
  eden space 243200K, 0% used [0x00000000e0000000,0x00000000e0000000,0x00000000eed80000)
  from space 25600K, 98% used [0x00000000eed80000,0x00000000f0621930,0x00000000f0680000)
  to   space 28672K, 0% used [0x00000000f1300000,0x00000000f1300000,0x00000000f2f00000)
 ParOldGen       total 198144K, used 54782K [0x00000000a0000000, 0x00000000ac180000, 0x00000000e0000000)
  object space 198144K, 27% used [0x00000000a0000000,0x00000000a357f9a8,0x00000000ac180000)
 Metaspace       used 111096K, capacity 116306K, committed 116544K, reserved 1150976K
  class space    used 14311K, capacity 15328K, committed 15448K, reserved 1048576K
}
Event: 884.713 GC heap before
{Heap before GC invocations=24 (full 4):
 PSYoungGen      total 268800K, used 268422K [0x00000000e0000000, 0x00000000f2f00000, 0x0000000100000000)
  eden space 243200K, 100% used [0x00000000e0000000,0x00000000eed80000,0x00000000eed80000)
  from space 25600K, 98% used [0x00000000eed80000,0x00000000f0621930,0x00000000f0680000)
  to   space 28672K, 0% used [0x00000000f1300000,0x00000000f1300000,0x00000000f2f00000)
 ParOldGen       total 198144K, used 54782K [0x00000000a0000000, 0x00000000ac180000, 0x00000000e0000000)
  object space 198144K, 27% used [0x00000000a0000000,0x00000000a357f9a8,0x00000000ac180000)
 Metaspace       used 111521K, capacity 116608K, committed 116800K, reserved 1150976K
  class space    used 14326K, capacity 15348K, committed 15448K, reserved 1048576K
Event: 884.756 GC heap after
Heap after GC invocations=24 (full 4):
 PSYoungGen      total 279552K, used 21530K [0x00000000e0000000, 0x00000000f2f00000, 0x0000000100000000)
  eden space 250880K, 0% used [0x00000000e0000000,0x00000000e0000000,0x00000000ef500000)
  from space 28672K, 75% used [0x00000000f1300000,0x00000000f2806998,0x00000000f2f00000)
  to   space 29696K, 0% used [0x00000000ef500000,0x00000000ef500000,0x00000000f1200000)
 ParOldGen       total 198144K, used 54790K [0x00000000a0000000, 0x00000000ac180000, 0x00000000e0000000)
  object space 198144K, 27% used [0x00000000a0000000,0x00000000a35819a8,0x00000000ac180000)
 Metaspace       used 111521K, capacity 116608K, committed 116800K, reserved 1150976K
  class space    used 14326K, capacity 15348K, committed 15448K, reserved 1048576K
}
Event: 1924.739 GC heap before
{Heap before GC invocations=25 (full 4):
 PSYoungGen      total 279552K, used 272410K [0x00000000e0000000, 0x00000000f2f00000, 0x0000000100000000)
  eden space 250880K, 100% used [0x00000000e0000000,0x00000000ef500000,0x00000000ef500000)
  from space 28672K, 75% used [0x00000000f1300000,0x00000000f2806998,0x00000000f2f00000)
  to   space 29696K, 0% used [0x00000000ef500000,0x00000000ef500000,0x00000000f1200000)
 ParOldGen       total 198144K, used 54790K [0x00000000a0000000, 0x00000000ac180000, 0x00000000e0000000)
  object space 198144K, 27% used [0x00000000a0000000,0x00000000a35819a8,0x00000000ac180000)
 Metaspace       used 113498K, capacity 119176K, committed 119360K, reserved 1153024K
  class space    used 14562K, capacity 15676K, committed 15704K, reserved 1048576K
Event: 1924.796 GC heap after
Heap after GC invocations=25 (full 4):
 PSYoungGen      total 280576K, used 29688K [0x00000000e0000000, 0x00000000f3e00000, 0x0000000100000000)
  eden space 250880K, 0% used [0x00000000e0000000,0x00000000e0000000,0x00000000ef500000)
  from space 29696K, 99% used [0x00000000ef500000,0x00000000f11fe0a0,0x00000000f1200000)
  to   space 34304K, 0% used [0x00000000f1c80000,0x00000000f1c80000,0x00000000f3e00000)
 ParOldGen       total 198144K, used 55319K [0x00000000a0000000, 0x00000000ac180000, 0x00000000e0000000)
  object space 198144K, 27% used [0x00000000a0000000,0x00000000a3605c10,0x00000000ac180000)
 Metaspace       used 113498K, capacity 119176K, committed 119360K, reserved 1153024K
  class space    used 14562K, capacity 15676K, committed 15704K, reserved 1048576K
}

