# JRE version: OpenJDK Runtime Environment (8.0_212-b04) (build 1.8.0_212-release-1586-b04)
# Java VM: OpenJDK 64-Bit Server VM (25.212-b04 mixed mode windows-amd64 compressed oops)
Heap:
 PSYoungGen      total 441856K, used 302081K [0x00000000e0000000, 0x0000000100000000, 0x0000000100000000)
  eden space 413184K, 67% used [0x00000000e0000000,0x00000000f107d048,0x00000000f9380000)
  from space 28672K, 80% used [0x00000000f9380000,0x00000000faa03600,0x00000000faf80000)
  to   space 29696K, 0% used [0x00000000fe300000,0x00000000fe300000,0x0000000100000000)
 ParOldGen       total 156160K, used 84337K [0x00000000a0000000, 0x00000000a9880000, 0x00000000e0000000)
  object space 156160K, 54% used [0x00000000a0000000,0x00000000a525c590,0x00000000a9880000)
 Metaspace       used 134646K, capacity 139907K, committed 140160K, reserved 1171456K
  class space    used 16980K, capacity 17971K, committed 18048K, reserved 1048576K
GC Heap History (10 events):
Event: 438.108 GC heap before
{Heap before GC invocations=49 (full 4):
 PSYoungGen      total 334336K, used 325958K [0x00000000e0000000, 0x00000000f6580000, 0x0000000100000000)
  eden space 303616K, 100% used [0x00000000e0000000,0x00000000f2880000,0x00000000f2880000)
  from space 30720K, 72% used [0x00000000f4700000,0x00000000f5cd1a40,0x00000000f6500000)
  to   space 31232K, 0% used [0x00000000f2880000,0x00000000f2880000,0x00000000f4700000)
 ParOldGen       total 156160K, used 72295K [0x00000000a0000000, 0x00000000a9880000, 0x00000000e0000000)
  object space 156160K, 46% used [0x00000000a0000000,0x00000000a4699e58,0x00000000a9880000)
 Metaspace       used 130393K, capacity 134969K, committed 135296K, reserved 1167360K
  class space    used 16535K, capacity 17416K, committed 17536K, reserved 1048576K
Event: 438.148 GC heap after
Heap after GC invocations=49 (full 4):
 PSYoungGen      total 334848K, used 20934K [0x00000000e0000000, 0x00000000f9a80000, 0x0000000100000000)
  eden space 303616K, 0% used [0x00000000e0000000,0x00000000e0000000,0x00000000f2880000)
  from space 31232K, 67% used [0x00000000f2880000,0x00000000f3cf1840,0x00000000f4700000)
  to   space 31232K, 0% used [0x00000000f7c00000,0x00000000f7c00000,0x00000000f9a80000)
 ParOldGen       total 156160K, used 72319K [0x00000000a0000000, 0x00000000a9880000, 0x00000000e0000000)
  object space 156160K, 46% used [0x00000000a0000000,0x00000000a469fe58,0x00000000a9880000)
 Metaspace       used 130393K, capacity 134969K, committed 135296K, reserved 1167360K
  class space    used 16535K, capacity 17416K, committed 17536K, reserved 1048576K
}
Event: 439.506 GC heap before
{Heap before GC invocations=50 (full 4):
 PSYoungGen      total 334848K, used 324550K [0x00000000e0000000, 0x00000000f9a80000, 0x0000000100000000)
  eden space 303616K, 100% used [0x00000000e0000000,0x00000000f2880000,0x00000000f2880000)
  from space 31232K, 67% used [0x00000000f2880000,0x00000000f3cf1840,0x00000000f4700000)
  to   space 31232K, 0% used [0x00000000f7c00000,0x00000000f7c00000,0x00000000f9a80000)
 ParOldGen       total 156160K, used 72319K [0x00000000a0000000, 0x00000000a9880000, 0x00000000e0000000)
  object space 156160K, 46% used [0x00000000a0000000,0x00000000a469fe58,0x00000000a9880000)
 Metaspace       used 130420K, capacity 134971K, committed 135296K, reserved 1167360K
  class space    used 16537K, capacity 17417K, committed 17536K, reserved 1048576K
Event: 439.538 GC heap after
Heap after GC invocations=50 (full 4):
 PSYoungGen      total 386048K, used 17086K [0x00000000e0000000, 0x00000000f9800000, 0x0000000100000000)
  eden space 357376K, 0% used [0x00000000e0000000,0x00000000e0000000,0x00000000f5d00000)
  from space 28672K, 59% used [0x00000000f7c00000,0x00000000f8cafa20,0x00000000f9800000)
  to   space 30208K, 0% used [0x00000000f5d00000,0x00000000f5d00000,0x00000000f7a80000)
 ParOldGen       total 156160K, used 72383K [0x00000000a0000000, 0x00000000a9880000, 0x00000000e0000000)
  object space 156160K, 46% used [0x00000000a0000000,0x00000000a46afe58,0x00000000a9880000)
 Metaspace       used 130420K, capacity 134971K, committed 135296K, reserved 1167360K
  class space    used 16537K, capacity 17417K, committed 17536K, reserved 1048576K
}
Event: 443.646 GC heap before
{Heap before GC invocations=51 (full 4):
 PSYoungGen      total 386048K, used 374462K [0x00000000e0000000, 0x00000000f9800000, 0x0000000100000000)
  eden space 357376K, 100% used [0x00000000e0000000,0x00000000f5d00000,0x00000000f5d00000)
  from space 28672K, 59% used [0x00000000f7c00000,0x00000000f8cafa20,0x00000000f9800000)
  to   space 30208K, 0% used [0x00000000f5d00000,0x00000000f5d00000,0x00000000f7a80000)
 ParOldGen       total 156160K, used 72383K [0x00000000a0000000, 0x00000000a9880000, 0x00000000e0000000)
  object space 156160K, 46% used [0x00000000a0000000,0x00000000a46afe58,0x00000000a9880000)
 Metaspace       used 130648K, capacity 135297K, committed 135552K, reserved 1167360K
  class space    used 16540K, capacity 17452K, committed 17536K, reserved 1048576K
Event: 443.671 GC heap after
Heap after GC invocations=51 (full 4):
 PSYoungGen      total 387584K, used 15204K [0x00000000e0000000, 0x00000000fd100000, 0x0000000100000000)
  eden space 357376K, 0% used [0x00000000e0000000,0x00000000e0000000,0x00000000f5d00000)
  from space 30208K, 50% used [0x00000000f5d00000,0x00000000f6bd9058,0x00000000f7a80000)
  to   space 29184K, 0% used [0x00000000fb480000,0x00000000fb480000,0x00000000fd100000)
 ParOldGen       total 156160K, used 73000K [0x00000000a0000000, 0x00000000a9880000, 0x00000000e0000000)
  object space 156160K, 46% used [0x00000000a0000000,0x00000000a474a1a0,0x00000000a9880000)
 Metaspace       used 130648K, capacity 135297K, committed 135552K, reserved 1167360K
  class space    used 16540K, capacity 17452K, committed 17536K, reserved 1048576K
}
Event: 1047.419 GC heap before
{Heap before GC invocations=52 (full 4):
 PSYoungGen      total 387584K, used 372580K [0x00000000e0000000, 0x00000000fd100000, 0x0000000100000000)
  eden space 357376K, 100% used [0x00000000e0000000,0x00000000f5d00000,0x00000000f5d00000)
  from space 30208K, 50% used [0x00000000f5d00000,0x00000000f6bd9058,0x00000000f7a80000)
  to   space 29184K, 0% used [0x00000000fb480000,0x00000000fb480000,0x00000000fd100000)
 ParOldGen       total 156160K, used 73000K [0x00000000a0000000, 0x00000000a9880000, 0x00000000e0000000)
  object space 156160K, 46% used [0x00000000a0000000,0x00000000a474a1a0,0x00000000a9880000)
 Metaspace       used 133147K, capacity 138079K, committed 138240K, reserved 1169408K
  class space    used 16932K, capacity 17895K, committed 17920K, reserved 1048576K
Event: 1047.438 GC heap after
Heap after GC invocations=52 (full 4):
 PSYoungGen      total 436736K, used 13371K [0x00000000e0000000, 0x00000000fcb80000, 0x0000000100000000)
  eden space 413184K, 0% used [0x00000000e0000000,0x00000000e0000000,0x00000000f9380000)
  from space 23552K, 56% used [0x00000000fb480000,0x00000000fc18eff8,0x00000000fcb80000)
  to   space 28672K, 0% used [0x00000000f9380000,0x00000000f9380000,0x00000000faf80000)
 ParOldGen       total 156160K, used 73152K [0x00000000a0000000, 0x00000000a9880000, 0x00000000e0000000)
  object space 156160K, 46% used [0x00000000a0000000,0x00000000a47701a0,0x00000000a9880000)
 Metaspace       used 133147K, capacity 138079K, committed 138240K, reserved 1169408K
  class space    used 16932K, capacity 17895K, committed 17920K, reserved 1048576K
}
Event: 1063.777 GC heap before
{Heap before GC invocations=53 (full 4):
 PSYoungGen      total 436736K, used 425826K [0x00000000e0000000, 0x00000000fcb80000, 0x0000000100000000)
  eden space 413184K, 99% used [0x00000000e0000000,0x00000000f92c9a10,0x00000000f9380000)
  from space 23552K, 56% used [0x00000000fb480000,0x00000000fc18eff8,0x00000000fcb80000)
  to   space 28672K, 0% used [0x00000000f9380000,0x00000000f9380000,0x00000000faf80000)
 ParOldGen       total 156160K, used 73152K [0x00000000a0000000, 0x00000000a9880000, 0x00000000e0000000)
  object space 156160K, 46% used [0x00000000a0000000,0x00000000a47701a0,0x00000000a9880000)
 Metaspace       used 134204K, capacity 139253K, committed 139648K, reserved 1171456K
  class space    used 16954K, capacity 17928K, committed 18048K, reserved 1048576K
Event: 1063.822 GC heap after
Heap after GC invocations=53 (full 4):
 PSYoungGen      total 441856K, used 23053K [0x00000000e0000000, 0x0000000100000000, 0x0000000100000000)
  eden space 413184K, 0% used [0x00000000e0000000,0x00000000e0000000,0x00000000f9380000)
  from space 28672K, 80% used [0x00000000f9380000,0x00000000faa03600,0x00000000faf80000)
  to   space 29696K, 0% used [0x00000000fe300000,0x00000000fe300000,0x0000000100000000)
 ParOldGen       total 156160K, used 84337K [0x00000000a0000000, 0x00000000a9880000, 0x00000000e0000000)
  object space 156160K, 54% used [0x00000000a0000000,0x00000000a525c590,0x00000000a9880000)
 Metaspace       used 134204K, capacity 139253K, committed 139648K, reserved 1171456K
  class space    used 16954K, capacity 17928K, committed 18048K, reserved 1048576K
}

