# JRE version: OpenJDK Runtime Environment (8.0_212-b04) (build 1.8.0_212-release-1586-b04)
# Java VM: OpenJDK 64-Bit Server VM (25.212-b04 mixed mode windows-amd64 compressed oops)
Heap:
 PSYoungGen      total 275968K, used 170210K [0x00000000e0000000, 0x00000000f3800000, 0x0000000100000000)
  eden space 239616K, 59% used [0x00000000e0000000,0x00000000e8b6cf60,0x00000000eea00000)
  from space 36352K, 75% used [0x00000000f1000000,0x00000000f2acbb58,0x00000000f3380000)
  to   space 38912K, 0% used [0x00000000eea00000,0x00000000eea00000,0x00000000f1000000)
 ParOldGen       total 223232K, used 69119K [0x00000000a0000000, 0x00000000ada00000, 0x00000000e0000000)
  object space 223232K, 30% used [0x00000000a0000000,0x00000000a437fcb8,0x00000000ada00000)
 Metaspace       used 107533K, capacity 111178K, committed 111960K, reserved 1146880K
  class space    used 13650K, capacity 14402K, committed 14680K, reserved 1048576K
GC Heap History (10 events):
Event: 34.940 GC heap before
{Heap before GC invocations=18 (full 3):
 PSYoungGen      total 211456K, used 211444K [0x00000000e0000000, 0x00000000eec80000, 0x0000000100000000)
  eden space 192512K, 100% used [0x00000000e0000000,0x00000000ebc00000,0x00000000ebc00000)
  from space 18944K, 99% used [0x00000000ed280000,0x00000000ee4fd2c0,0x00000000ee500000)
  to   space 23040K, 0% used [0x00000000ebc00000,0x00000000ebc00000,0x00000000ed280000)
 ParOldGen       total 134656K, used 36638K [0x00000000a0000000, 0x00000000a8380000, 0x00000000e0000000)
  object space 134656K, 27% used [0x00000000a0000000,0x00000000a23c7a58,0x00000000a8380000)
 Metaspace       used 84516K, capacity 87932K, committed 88024K, reserved 1126400K
  class space    used 11283K, capacity 11979K, committed 11992K, reserved 1048576K
Event: 34.990 GC heap after
Heap after GC invocations=18 (full 3):
 PSYoungGen      total 215552K, used 23036K [0x00000000e0000000, 0x00000000f1880000, 0x0000000100000000)
  eden space 192512K, 0% used [0x00000000e0000000,0x00000000e0000000,0x00000000ebc00000)
  from space 23040K, 99% used [0x00000000ebc00000,0x00000000ed27f348,0x00000000ed280000)
  to   space 28160K, 0% used [0x00000000efd00000,0x00000000efd00000,0x00000000f1880000)
 ParOldGen       total 134656K, used 42082K [0x00000000a0000000, 0x00000000a8380000, 0x00000000e0000000)
  object space 134656K, 31% used [0x00000000a0000000,0x00000000a2918b80,0x00000000a8380000)
 Metaspace       used 84516K, capacity 87932K, committed 88024K, reserved 1126400K
  class space    used 11283K, capacity 11979K, committed 11992K, reserved 1048576K
}
Event: 123.638 GC heap before
{Heap before GC invocations=19 (full 3):
 PSYoungGen      total 215552K, used 215321K [0x00000000e0000000, 0x00000000f1880000, 0x0000000100000000)
  eden space 192512K, 99% used [0x00000000e0000000,0x00000000ebbc71e8,0x00000000ebc00000)
  from space 23040K, 99% used [0x00000000ebc00000,0x00000000ed27f348,0x00000000ed280000)
  to   space 28160K, 0% used [0x00000000efd00000,0x00000000efd00000,0x00000000f1880000)
 ParOldGen       total 134656K, used 42082K [0x00000000a0000000, 0x00000000a8380000, 0x00000000e0000000)
  object space 134656K, 31% used [0x00000000a0000000,0x00000000a2918b80,0x00000000a8380000)
 Metaspace       used 92209K, capacity 96096K, committed 96216K, reserved 1132544K
  class space    used 12127K, capacity 12917K, committed 13016K, reserved 1048576K
Event: 123.700 GC heap after
Heap after GC invocations=19 (full 3):
 PSYoungGen      total 249344K, used 28156K [0x00000000e0000000, 0x00000000f2580000, 0x0000000100000000)
  eden space 221184K, 0% used [0x00000000e0000000,0x00000000e0000000,0x00000000ed800000)
  from space 28160K, 99% used [0x00000000efd00000,0x00000000f187f000,0x00000000f1880000)
  to   space 37888K, 0% used [0x00000000ed800000,0x00000000ed800000,0x00000000efd00000)
 ParOldGen       total 134656K, used 57021K [0x00000000a0000000, 0x00000000a8380000, 0x00000000e0000000)
  object space 134656K, 42% used [0x00000000a0000000,0x00000000a37af7c0,0x00000000a8380000)
 Metaspace       used 92209K, capacity 96096K, committed 96216K, reserved 1132544K
  class space    used 12127K, capacity 12917K, committed 13016K, reserved 1048576K
}
Event: 152.718 GC heap before
{Heap before GC invocations=20 (full 3):
 PSYoungGen      total 249344K, used 170101K [0x00000000e0000000, 0x00000000f2580000, 0x0000000100000000)
  eden space 221184K, 64% used [0x00000000e0000000,0x00000000e8a9e530,0x00000000ed800000)
  from space 28160K, 99% used [0x00000000efd00000,0x00000000f187f000,0x00000000f1880000)
  to   space 37888K, 0% used [0x00000000ed800000,0x00000000ed800000,0x00000000efd00000)
 ParOldGen       total 134656K, used 57021K [0x00000000a0000000, 0x00000000a8380000, 0x00000000e0000000)
  object space 134656K, 42% used [0x00000000a0000000,0x00000000a37af7c0,0x00000000a8380000)
 Metaspace       used 94482K, capacity 98386K, committed 98496K, reserved 1134592K
  class space    used 12323K, capacity 13108K, committed 13144K, reserved 1048576K
Event: 152.762 GC heap after
Heap after GC invocations=20 (full 3):
 PSYoungGen      total 259072K, used 18029K [0x00000000e0000000, 0x00000000f3380000, 0x0000000100000000)
  eden space 221184K, 0% used [0x00000000e0000000,0x00000000e0000000,0x00000000ed800000)
  from space 37888K, 47% used [0x00000000ed800000,0x00000000ee99b570,0x00000000efd00000)
  to   space 36352K, 0% used [0x00000000f1000000,0x00000000f1000000,0x00000000f3380000)
 ParOldGen       total 134656K, used 70106K [0x00000000a0000000, 0x00000000a8380000, 0x00000000e0000000)
  object space 134656K, 52% used [0x00000000a0000000,0x00000000a4476ae8,0x00000000a8380000)
 Metaspace       used 94482K, capacity 98386K, committed 98496K, reserved 1134592K
  class space    used 12323K, capacity 13108K, committed 13144K, reserved 1048576K
}
Event: 152.762 GC heap before
{Heap before GC invocations=21 (full 4):
 PSYoungGen      total 259072K, used 18029K [0x00000000e0000000, 0x00000000f3380000, 0x0000000100000000)
  eden space 221184K, 0% used [0x00000000e0000000,0x00000000e0000000,0x00000000ed800000)
  from space 37888K, 47% used [0x00000000ed800000,0x00000000ee99b570,0x00000000efd00000)
  to   space 36352K, 0% used [0x00000000f1000000,0x00000000f1000000,0x00000000f3380000)
 ParOldGen       total 134656K, used 70106K [0x00000000a0000000, 0x00000000a8380000, 0x00000000e0000000)
  object space 134656K, 52% used [0x00000000a0000000,0x00000000a4476ae8,0x00000000a8380000)
 Metaspace       used 94482K, capacity 98386K, committed 98496K, reserved 1134592K
  class space    used 12323K, capacity 13108K, committed 13144K, reserved 1048576K
Event: 153.069 GC heap after
Heap after GC invocations=21 (full 4):
 PSYoungGen      total 259072K, used 0K [0x00000000e0000000, 0x00000000f3380000, 0x0000000100000000)
  eden space 221184K, 0% used [0x00000000e0000000,0x00000000e0000000,0x00000000ed800000)
  from space 37888K, 0% used [0x00000000ed800000,0x00000000ed800000,0x00000000efd00000)
  to   space 36352K, 0% used [0x00000000f1000000,0x00000000f1000000,0x00000000f3380000)
 ParOldGen       total 223232K, used 69111K [0x00000000a0000000, 0x00000000ada00000, 0x00000000e0000000)
  object space 223232K, 30% used [0x00000000a0000000,0x00000000a437dcb8,0x00000000ada00000)
 Metaspace       used 94161K, capacity 97558K, committed 98496K, reserved 1134592K
  class space    used 12212K, capacity 12912K, committed 13144K, reserved 1048576K
}
Event: 573.505 GC heap before
{Heap before GC invocations=22 (full 4):
 PSYoungGen      total 259072K, used 221184K [0x00000000e0000000, 0x00000000f3380000, 0x0000000100000000)
  eden space 221184K, 100% used [0x00000000e0000000,0x00000000ed800000,0x00000000ed800000)
  from space 37888K, 0% used [0x00000000ed800000,0x00000000ed800000,0x00000000efd00000)
  to   space 36352K, 0% used [0x00000000f1000000,0x00000000f1000000,0x00000000f3380000)
 ParOldGen       total 223232K, used 69111K [0x00000000a0000000, 0x00000000ada00000, 0x00000000e0000000)
  object space 223232K, 30% used [0x00000000a0000000,0x00000000a437dcb8,0x00000000ada00000)
 Metaspace       used 100976K, capacity 104564K, committed 105304K, reserved 1140736K
  class space    used 12934K, capacity 13651K, committed 13912K, reserved 1048576K
Event: 573.541 GC heap after
Heap after GC invocations=22 (full 4):
 PSYoungGen      total 275968K, used 27438K [0x00000000e0000000, 0x00000000f3800000, 0x0000000100000000)
  eden space 239616K, 0% used [0x00000000e0000000,0x00000000e0000000,0x00000000eea00000)
  from space 36352K, 75% used [0x00000000f1000000,0x00000000f2acbb58,0x00000000f3380000)
  to   space 38912K, 0% used [0x00000000eea00000,0x00000000eea00000,0x00000000f1000000)
 ParOldGen       total 223232K, used 69119K [0x00000000a0000000, 0x00000000ada00000, 0x00000000e0000000)
  object space 223232K, 30% used [0x00000000a0000000,0x00000000a437fcb8,0x00000000ada00000)
 Metaspace       used 100976K, capacity 104564K, committed 105304K, reserved 1140736K
  class space    used 12934K, capacity 13651K, committed 13912K, reserved 1048576K
}

