# JRE version: OpenJDK Runtime Environment (8.0_212-b04) (build 1.8.0_212-release-1586-b04)
# Java VM: OpenJDK 64-Bit Server VM (25.212-b04 mixed mode windows-amd64 compressed oops)
Heap:
 PSYoungGen      total 148992K, used 60483K [0x00000000e0000000, 0x00000000ead00000, 0x0000000100000000)
  eden space 136704K, 35% used [0x00000000e0000000,0x00000000e2f16da0,0x00000000e8580000)
  from space 12288K, 99% used [0x00000000ea100000,0x00000000eacf9fa0,0x00000000ead00000)
  to   space 14336K, 0% used [0x00000000e9100000,0x00000000e9100000,0x00000000e9f00000)
 ParOldGen       total 90624K, used 19172K [0x00000000a0000000, 0x00000000a5880000, 0x00000000e0000000)
  object space 90624K, 21% used [0x00000000a0000000,0x00000000a12b9008,0x00000000a5880000)
 Metaspace       used 50215K, capacity 51702K, committed 51840K, reserved 1093632K
  class space    used 6805K, capacity 7176K, committed 7296K, reserved 1048576K
GC Heap History (10 events):
Event: 7.122 GC heap before
{Heap before GC invocations=8 (full 1):
 PSYoungGen      total 76800K, used 66048K [0x00000000e0000000, 0x00000000e5700000, 0x0000000100000000)
  eden space 66048K, 100% used [0x00000000e0000000,0x00000000e4080000,0x00000000e4080000)
  from space 10752K, 0% used [0x00000000e4b80000,0x00000000e4b80000,0x00000000e5600000)
  to   space 11264K, 0% used [0x00000000e4080000,0x00000000e4080000,0x00000000e4b80000)
 ParOldGen       total 58368K, used 9642K [0x00000000a0000000, 0x00000000a3900000, 0x00000000e0000000)
  object space 58368K, 16% used [0x00000000a0000000,0x00000000a096aa80,0x00000000a3900000)
 Metaspace       used 29104K, capacity 29596K, committed 29824K, reserved 1075200K
  class space    used 3922K, capacity 4099K, committed 4224K, reserved 1048576K
Event: 7.132 GC heap after
Heap after GC invocations=8 (full 1):
 PSYoungGen      total 77312K, used 8059K [0x00000000e0000000, 0x00000000e8100000, 0x0000000100000000)
  eden space 66048K, 0% used [0x00000000e0000000,0x00000000e0000000,0x00000000e4080000)
  from space 11264K, 71% used [0x00000000e4080000,0x00000000e485ec40,0x00000000e4b80000)
  to   space 11264K, 0% used [0x00000000e7600000,0x00000000e7600000,0x00000000e8100000)
 ParOldGen       total 58368K, used 9650K [0x00000000a0000000, 0x00000000a3900000, 0x00000000e0000000)
  object space 58368K, 16% used [0x00000000a0000000,0x00000000a096ca80,0x00000000a3900000)
 Metaspace       used 29104K, capacity 29596K, committed 29824K, reserved 1075200K
  class space    used 3922K, capacity 4099K, committed 4224K, reserved 1048576K
}
Event: 7.865 GC heap before
{Heap before GC invocations=9 (full 1):
 PSYoungGen      total 77312K, used 74107K [0x00000000e0000000, 0x00000000e8100000, 0x0000000100000000)
  eden space 66048K, 100% used [0x00000000e0000000,0x00000000e4080000,0x00000000e4080000)
  from space 11264K, 71% used [0x00000000e4080000,0x00000000e485ec40,0x00000000e4b80000)
  to   space 11264K, 0% used [0x00000000e7600000,0x00000000e7600000,0x00000000e8100000)
 ParOldGen       total 58368K, used 9650K [0x00000000a0000000, 0x00000000a3900000, 0x00000000e0000000)
  object space 58368K, 16% used [0x00000000a0000000,0x00000000a096ca80,0x00000000a3900000)
 Metaspace       used 32104K, capacity 32660K, committed 32768K, reserved 1077248K
  class space    used 4402K, capacity 4587K, committed 4608K, reserved 1048576K
Event: 7.878 GC heap after
Heap after GC invocations=9 (full 1):
 PSYoungGen      total 120832K, used 8336K [0x00000000e0000000, 0x00000000e8180000, 0x0000000100000000)
  eden space 109568K, 0% used [0x00000000e0000000,0x00000000e0000000,0x00000000e6b00000)
  from space 11264K, 74% used [0x00000000e7600000,0x00000000e7e24268,0x00000000e8100000)
  to   space 11264K, 0% used [0x00000000e6b00000,0x00000000e6b00000,0x00000000e7600000)
 ParOldGen       total 58368K, used 9658K [0x00000000a0000000, 0x00000000a3900000, 0x00000000e0000000)
  object space 58368K, 16% used [0x00000000a0000000,0x00000000a096ea80,0x00000000a3900000)
 Metaspace       used 32104K, capacity 32660K, committed 32768K, reserved 1077248K
  class space    used 4402K, capacity 4587K, committed 4608K, reserved 1048576K
}
Event: 9.156 GC heap before
{Heap before GC invocations=10 (full 1):
 PSYoungGen      total 120832K, used 71158K [0x00000000e0000000, 0x00000000e8180000, 0x0000000100000000)
  eden space 109568K, 57% used [0x00000000e0000000,0x00000000e3d597c8,0x00000000e6b00000)
  from space 11264K, 74% used [0x00000000e7600000,0x00000000e7e24268,0x00000000e8100000)
  to   space 11264K, 0% used [0x00000000e6b00000,0x00000000e6b00000,0x00000000e7600000)
 ParOldGen       total 58368K, used 9658K [0x00000000a0000000, 0x00000000a3900000, 0x00000000e0000000)
  object space 58368K, 16% used [0x00000000a0000000,0x00000000a096ea80,0x00000000a3900000)
 Metaspace       used 34684K, capacity 35420K, committed 35456K, reserved 1079296K
  class space    used 4757K, capacity 4957K, committed 4992K, reserved 1048576K
Event: 9.174 GC heap after
Heap after GC invocations=10 (full 1):
 PSYoungGen      total 120832K, used 10218K [0x00000000e0000000, 0x00000000ead00000, 0x0000000100000000)
  eden space 109568K, 0% used [0x00000000e0000000,0x00000000e0000000,0x00000000e6b00000)
  from space 11264K, 90% used [0x00000000e6b00000,0x00000000e74fabd0,0x00000000e7600000)
  to   space 12288K, 0% used [0x00000000ea100000,0x00000000ea100000,0x00000000ead00000)
 ParOldGen       total 58368K, used 9666K [0x00000000a0000000, 0x00000000a3900000, 0x00000000e0000000)
  object space 58368K, 16% used [0x00000000a0000000,0x00000000a0970a80,0x00000000a3900000)
 Metaspace       used 34684K, capacity 35420K, committed 35456K, reserved 1079296K
  class space    used 4757K, capacity 4957K, committed 4992K, reserved 1048576K
}
Event: 9.174 GC heap before
{Heap before GC invocations=11 (full 2):
 PSYoungGen      total 120832K, used 10218K [0x00000000e0000000, 0x00000000ead00000, 0x0000000100000000)
  eden space 109568K, 0% used [0x00000000e0000000,0x00000000e0000000,0x00000000e6b00000)
  from space 11264K, 90% used [0x00000000e6b00000,0x00000000e74fabd0,0x00000000e7600000)
  to   space 12288K, 0% used [0x00000000ea100000,0x00000000ea100000,0x00000000ead00000)
 ParOldGen       total 58368K, used 9666K [0x00000000a0000000, 0x00000000a3900000, 0x00000000e0000000)
  object space 58368K, 16% used [0x00000000a0000000,0x00000000a0970a80,0x00000000a3900000)
 Metaspace       used 34684K, capacity 35420K, committed 35456K, reserved 1079296K
  class space    used 4757K, capacity 4957K, committed 4992K, reserved 1048576K
Event: 9.271 GC heap after
Heap after GC invocations=11 (full 2):
 PSYoungGen      total 120832K, used 0K [0x00000000e0000000, 0x00000000ead00000, 0x0000000100000000)
  eden space 109568K, 0% used [0x00000000e0000000,0x00000000e0000000,0x00000000e6b00000)
  from space 11264K, 0% used [0x00000000e6b00000,0x00000000e6b00000,0x00000000e7600000)
  to   space 12288K, 0% used [0x00000000ea100000,0x00000000ea100000,0x00000000ead00000)
 ParOldGen       total 90624K, used 17311K [0x00000000a0000000, 0x00000000a5880000, 0x00000000e0000000)
  object space 90624K, 19% used [0x00000000a0000000,0x00000000a10e7f58,0x00000000a5880000)
 Metaspace       used 34681K, capacity 35408K, committed 35456K, reserved 1079296K
  class space    used 4756K, capacity 4955K, committed 4992K, reserved 1048576K
}
Event: 12.171 GC heap before
{Heap before GC invocations=12 (full 2):
 PSYoungGen      total 120832K, used 109568K [0x00000000e0000000, 0x00000000ead00000, 0x0000000100000000)
  eden space 109568K, 100% used [0x00000000e0000000,0x00000000e6b00000,0x00000000e6b00000)
  from space 11264K, 0% used [0x00000000e6b00000,0x00000000e6b00000,0x00000000e7600000)
  to   space 12288K, 0% used [0x00000000ea100000,0x00000000ea100000,0x00000000ead00000)
 ParOldGen       total 90624K, used 17311K [0x00000000a0000000, 0x00000000a5880000, 0x00000000e0000000)
  object space 90624K, 19% used [0x00000000a0000000,0x00000000a10e7f58,0x00000000a5880000)
 Metaspace       used 45412K, capacity 46508K, committed 46592K, reserved 1089536K
  class space    used 6086K, capacity 6382K, committed 6400K, reserved 1048576K
Event: 12.192 GC heap after
Heap after GC invocations=12 (full 2):
 PSYoungGen      total 148992K, used 12263K [0x00000000e0000000, 0x00000000ead00000, 0x0000000100000000)
  eden space 136704K, 0% used [0x00000000e0000000,0x00000000e0000000,0x00000000e8580000)
  from space 12288K, 99% used [0x00000000ea100000,0x00000000eacf9fa0,0x00000000ead00000)
  to   space 14336K, 0% used [0x00000000e9100000,0x00000000e9100000,0x00000000e9f00000)
 ParOldGen       total 90624K, used 19172K [0x00000000a0000000, 0x00000000a5880000, 0x00000000e0000000)
  object space 90624K, 21% used [0x00000000a0000000,0x00000000a12b9008,0x00000000a5880000)
 Metaspace       used 45412K, capacity 46508K, committed 46592K, reserved 1089536K
  class space    used 6086K, capacity 6382K, committed 6400K, reserved 1048576K
}

